
19-03-2023 16:22:37 - user_interface - INFO - start_menu - Главное меню
19-03-2023 16:22:40 - user_interface - INFO - start_menu - Вход в меню Операции
19-03-2023 16:22:43 - user_interface - INFO - menu_notes - Выбор операции - Добавление новой заметки
19-03-2023 16:22:50 - user_interface - INFO - menu_notes - Выбор операции - Редактирование заметки
19-03-2023 16:22:53 - user_interface - INFO - menu_notes - Выход в стартовое меню
19-03-2023 16:22:53 - user_interface - INFO - start_menu - Главное меню
19-03-2023 16:22:55 - user_interface - INFO - start_menu - Окончание работы
20-03-2023 19:01:55 - user_interface - INFO - start_menu - Главное меню
20-03-2023 19:01:58 - user_interface - INFO - start_menu - Вход в меню Операции
20-03-2023 19:02:05 - user_interface - INFO - menu_notes - Выбор операции - Добавление новой заметки
20-03-2023 19:02:46 - user_interface - INFO - menu_notes - Выход в главное меню
20-03-2023 19:02:46 - user_interface - INFO - start_menu - Главное меню
20-03-2023 19:02:51 - user_interface - INFO - start_menu - Окончание работы
20-03-2023 19:05:42 - user_interface - INFO - start_menu - Главное меню
20-03-2023 19:05:48 - user_interface - INFO - start_menu - Вход в меню Операции
20-03-2023 19:05:50 - user_interface - INFO - menu_notes - Выбор операции - Добавление новой заметки
20-03-2023 19:06:36 - user_interface - INFO - start_menu - Главное меню
20-03-2023 19:06:38 - user_interface - INFO - start_menu - Вход в меню Операции
20-03-2023 19:06:40 - user_interface - INFO - menu_notes - Выбор операции - Добавление новой заметки
20-03-2023 19:06:56 - user_interface - INFO - menu_notes - Выбор операции - Добавление новой заметки
20-03-2023 19:07:29 - user_interface - INFO - menu_notes - Выход в главное меню
20-03-2023 19:07:29 - user_interface - INFO - start_menu - Главное меню
20-03-2023 19:07:32 - user_interface - INFO - start_menu - Окончание работы
